<?xml version="1.0" encoding="UTF-8" standalone="yes"?><!DOCTYPE report PUBLIC "-//JACOCO//DTD Report 1.1//EN" "report.dtd"><report name="parking-system"><sessioninfo id="DESKTOP-PT4MDV8-47e1aa16" start="1667319214347" dump="1667319225253"/><sessioninfo id="DESKTOP-PT4MDV8-89d2954a" start="1667319252433" dump="1667319261981"/><sessioninfo id="DESKTOP-PT4MDV8-f95a44c5" start="1667319369298" dump="1667319379780"/><sessioninfo id="DESKTOP-PT4MDV8-dda79c3b" start="1667319425576" dump="1667319437301"/><sessioninfo id="DESKTOP-PT4MDV8-4411f936" start="1667319497629" dump="1667319510710"/><sessioninfo id="DESKTOP-PT4MDV8-7e717cba" start="1667319554770" dump="1667319566694"/><sessioninfo id="DESKTOP-PT4MDV8-ec97f0c5" start="1667319643049" dump="1667319654860"/><sessioninfo id="DESKTOP-PT4MDV8-f137c269" start="1667320140438" dump="1667320152317"/><sessioninfo id="DESKTOP-PT4MDV8-f123d04c" start="1667320803285" dump="1667320814214"/><sessioninfo id="DESKTOP-PT4MDV8-d64e43df" start="1667321140917" dump="1667321151155"/><sessioninfo id="DESKTOP-PT4MDV8-2a313f1a" start="1667321498466" dump="1667321510243"/><sessioninfo id="DESKTOP-PT4MDV8-f3a3f0f2" start="1667321562607" dump="1667321578658"/><sessioninfo id="DESKTOP-PT4MDV8-639cdfcb" start="1667321684583" dump="1667321694473"/><sessioninfo id="DESKTOP-PT4MDV8-80059420" start="1667321735368" dump="1667321749313"/><sessioninfo id="DESKTOP-PT4MDV8-632df3c2" start="1667321999160" dump="1667322009569"/><sessioninfo id="DESKTOP-PT4MDV8-43d5ae3e" start="1667322116367" dump="1667322124385"/><sessioninfo id="DESKTOP-PT4MDV8-20133a28" start="1667322159811" dump="1667322171442"/><sessioninfo id="DESKTOP-PT4MDV8-d207832f" start="1667322192836" dump="1667322203865"/></report>