<?xml version="1.0" encoding="UTF-8" standalone="yes"?><!DOCTYPE report PUBLIC "-//JACOCO//DTD Report 1.1//EN" "report.dtd"><report name="parking-system"><sessioninfo id="DESKTOP-PT4MDV8-47e1aa16" start="1667319214347" dump="1667319225253"/><sessioninfo id="DESKTOP-PT4MDV8-89d2954a" start="1667319252433" dump="1667319261981"/><sessioninfo id="DESKTOP-PT4MDV8-f95a44c5" start="1667319369298" dump="1667319379780"/><sessioninfo id="DESKTOP-PT4MDV8-dda79c3b" start="1667319425576" dump="1667319437301"/><sessioninfo id="DESKTOP-PT4MDV8-4411f936" start="1667319497629" dump="1667319510710"/><sessioninfo id="DESKTOP-PT4MDV8-7e717cba" start="1667319554770" dump="1667319566694"/><sessioninfo id="DESKTOP-PT4MDV8-ec97f0c5" start="1667319643049" dump="1667319654860"/><sessioninfo id="DESKTOP-PT4MDV8-f137c269" start="1667320140438" dump="1667320152317"/><sessioninfo id="DESKTOP-PT4MDV8-f123d04c" start="1667320803285" dump="1667320814214"/><sessioninfo id="DESKTOP-PT4MDV8-d64e43df" start="1667321140917" dump="1667321151155"/><sessioninfo id="DESKTOP-PT4MDV8-2a313f1a" start="1667321498466" dump="1667321510243"/><sessioninfo id="DESKTOP-PT4MDV8-f3a3f0f2" start="1667321562607" dump="1667321578658"/><sessioninfo id="DESKTOP-PT4MDV8-639cdfcb" start="1667321684583" dump="1667321694473"/><sessioninfo id="DESKTOP-PT4MDV8-80059420" start="1667321735368" dump="1667321749313"/><sessioninfo id="DESKTOP-PT4MDV8-632df3c2" start="1667321999160" dump="1667322009569"/><sessioninfo id="DESKTOP-PT4MDV8-43d5ae3e" start="1667322116367" dump="1667322124385"/><sessioninfo id="DESKTOP-PT4MDV8-20133a28" start="1667322159811" dump="1667322171442"/><sessioninfo id="DESKTOP-PT4MDV8-d207832f" start="1667322192836" dump="1667322203865"/><sessioninfo id="DESKTOP-PT4MDV8-cbbcfb6b" start="1667323494659" dump="1667323533632"/><sessioninfo id="DESKTOP-PT4MDV8-c4447048" start="1667323537029" dump="1667323582869"/><sessioninfo id="DESKTOP-PT4MDV8-13a6712c" start="1667327508361" dump="1667327515547"/><sessioninfo id="DESKTOP-PT4MDV8-a8172354" start="1667327933247" dump="1667327943951"/><sessioninfo id="DESKTOP-PT4MDV8-82b65be" start="1667328022146" dump="1667328029186"/><sessioninfo id="DESKTOP-PT4MDV8-5d58652f" start="1667328174028" dump="1667328183200"/><sessioninfo id="DESKTOP-PT4MDV8-525198b2" start="1667329995808" dump="1667330004050"/><sessioninfo id="DESKTOP-PT4MDV8-f6194f5b" start="1667334628174" dump="1667334639677"/><sessioninfo id="DESKTOP-PT4MDV8-869e7d4f" start="1667336834744" dump="1667336842715"/><sessioninfo id="DESKTOP-PT4MDV8-1dee38a6" start="1667337211977" dump="1667337220800"/><sessioninfo id="DESKTOP-PT4MDV8-2226b612" start="1667391287962" dump="1667391295564"/><sessioninfo id="DESKTOP-PT4MDV8-10110d50" start="1667400229321" dump="1667400238963"/></report>