<?xml version="1.0" encoding="UTF-8"?>
<testsuite xmlns:xsi="http://www.w3.org/2001/XMLSchema-instance" xsi:noNamespaceSchemaLocation="https://maven.apache.org/surefire/maven-surefire-plugin/xsd/surefire-test-report.xsd" name="com.parkit.parkingsystem.FareCalculatorServiceTest" time="1.181" tests="12" errors="0" skipped="0" failures="0">
  <properties>
[...]
</properties>
  <testcase name="calculateFareBikeWithLessThanOneHourParkingTimeTest" classname="com.parkit.parkingsystem.FareCalculatorServiceTest" time="0.034"/>
  <testcase name="reductionRecurentCalculateFareCarTest" classname="com.parkit.parkingsystem.FareCalculatorServiceTest" time="0"/>
  <testcase name="calculateFareCarWithLessThanOneHourParkingTimeTest" classname="com.parkit.parkingsystem.FareCalculatorServiceTest" time="0.002"/>
  <testcase name="calculateFareBikeWithHalfHourTest" classname="com.parkit.parkingsystem.FareCalculatorServiceTest" time="0.001"/>
  <testcase name="calculateFareBikeTest" classname="com.parkit.parkingsystem.FareCalculatorServiceTest" time="0.001"/>
  <testcase name="calculateFarWithHalfHourParkingCarTest" classname="com.parkit.parkingsystem.FareCalculatorServiceTest" time="0"/>
  <testcase name="reductionReccurentCalculateFareBikeTest" classname="com.parkit.parkingsystem.FareCalculatorServiceTest" time="1.017"/>
  <testcase name="calculateFareCarTest" classname="com.parkit.parkingsystem.FareCalculatorServiceTest" time="0.005"/>
  <testcase name="calculateFareUnkownTypeTest" classname="com.parkit.parkingsystem.FareCalculatorServiceTest" time="0.014"/>
  <testcase name="calculateFareBikeWithFutureInTimeTest" classname="com.parkit.parkingsystem.FareCalculatorServiceTest" time="0.038"/>
  <testcase name="calculateFareBikeWithMoreThanADayParkingTimeTest" classname="com.parkit.parkingsystem.FareCalculatorServiceTest" time="0"/>
  <testcase name="calculateFareCarWithMoreThanADayParkingTimeTest" classname="com.parkit.parkingsystem.FareCalculatorServiceTest" time="0"/>
</testsuite>